<?xml version="1.0" encoding="utf-8"?><testsuites name="pytest tests"><testsuite name="pytest" errors="0" failures="1" skipped="0" tests="11" time="10.127" timestamp="2026-09-11T14:31:43.925910+00:00" hostname="agent-env-bd6ba781-5bbd-4a92-97c5-f98636d7184b"><testcase classname="tests.test_travelmate" name="test_destinations_list_18_with_region" time="0.148" /><testcase classname="tests.test_travelmate" name="test_destination_bali" time="0.124" /><testcase classname="tests.test_travelmate" name="test_destination_tokyo" time="0.092" /><testcase classname="tests.test_travelmate" name="test_chat_stream_sse_format_and_persistence" time="0.130"><failure message="AssertionError: assert None == 'no'&#10; +  where None = get('x-accel-buffering')&#10; +    where get = Headers({'date': 'Fri, 11 Sep 2026 14:31:44 GMT', 'content-type': 'text/event-stream; charset=utf-8', 'transfer-encoding': 'chunked', 'connection': 'keep-alive', 'cf-ray': 'a39760b98bd6fb93-AMS', 'cf-cache-status': 'DYNAMIC', 'access-control-allow-origin': '*', 'cache-control': 'no-store, no-cache, must-revalidate', 'server': 'cloudflare', 'via': '1.1 google', 'access-control-allow-headers': '*', 'access-control-allow-methods': 'GET, POST, PUT, DELETE, OPTIONS, HEAD, PATCH', 'access-control-max-age': '300', 'set-cookie': '__cf_bm=_o1mBF7YjZCnma23n_dFmHIMBUzvvqyPL.b9Ll8.QhA-1789137104.890104-1.0.1.1-aEGJ2kGY1QMKm5Z0G1h5lQDDyMXaNAbYhtRVfl4wfeR042cMusKWil1cObcHmu_ve8XnNkkGVFAa5AyFcQZsElYHYPJmr1ranMTpG54VCvQjBTU1EwRwbLd.smR2ylJe; HttpOnly; SameSite=None; Secure; Path=/; Domain=preview.emergentagent.com; Expires=Fri, 11 Sep 2026 15:01:44 GMT', 'x-robots-tag': 'noindex, nofollow'}).get&#10; +      where Headers({'date': 'Fri, 11 Sep 2026 14:31:44 GMT', 'content-type': 'text/event-stream; charset=utf-8', 'transfer-encoding': 'chunked', 'connection': 'keep-alive', 'cf-ray': 'a39760b98bd6fb93-AMS', 'cf-cache-status': 'DYNAMIC', 'access-control-allow-origin': '*', 'cache-control': 'no-store, no-cache, must-revalidate', 'server': 'cloudflare', 'via': '1.1 google', 'access-control-allow-headers': '*', 'access-control-allow-methods': 'GET, POST, PUT, DELETE, OPTIONS, HEAD, PATCH', 'access-control-max-age': '300', 'set-cookie': '__cf_bm=_o1mBF7YjZCnma23n_dFmHIMBUzvvqyPL.b9Ll8.QhA-1789137104.890104-1.0.1.1-aEGJ2kGY1QMKm5Z0G1h5lQDDyMXaNAbYhtRVfl4wfeR042cMusKWil1cObcHmu_ve8XnNkkGVFAa5AyFcQZsElYHYPJmr1ranMTpG54VCvQjBTU1EwRwbLd.smR2ylJe; HttpOnly; SameSite=None; Secure; Path=/; Domain=preview.emergentagent.com; Expires=Fri, 11 Sep 2026 15:01:44 GMT', 'x-robots-tag': 'noindex, nofollow'}) = &lt;Response [200 OK]&gt;.headers">backend/tests/test_travelmate.py:79: in test_chat_stream_sse_format_and_persistence
    assert r.headers.get("x-accel-buffering") == "no"
E   AssertionError: assert None == 'no'
E    +  where None = get('x-accel-buffering')
E    +    where get = Headers({'date': 'Fri, 11 Sep 2026 14:31:44 GMT', 'content-type': 'text/event-stream; charset=utf-8', 'transfer-encoding': 'chunked', 'connection': 'keep-alive', 'cf-ray': 'a39760b98bd6fb93-AMS', 'cf-cache-status': 'DYNAMIC', 'access-control-allow-origin': '*', 'cache-control': 'no-store, no-cache, must-revalidate', 'server': 'cloudflare', 'via': '1.1 google', 'access-control-allow-headers': '*', 'access-control-allow-methods': 'GET, POST, PUT, DELETE, OPTIONS, HEAD, PATCH', 'access-control-max-age': '300', 'set-cookie': '__cf_bm=_o1mBF7YjZCnma23n_dFmHIMBUzvvqyPL.b9Ll8.QhA-1789137104.890104-1.0.1.1-aEGJ2kGY1QMKm5Z0G1h5lQDDyMXaNAbYhtRVfl4wfeR042cMusKWil1cObcHmu_ve8XnNkkGVFAa5AyFcQZsElYHYPJmr1ranMTpG54VCvQjBTU1EwRwbLd.smR2ylJe; HttpOnly; SameSite=None; Secure; Path=/; Domain=preview.emergentagent.com; Expires=Fri, 11 Sep 2026 15:01:44 GMT', 'x-robots-tag': 'noindex, nofollow'}).get
E    +      where Headers({'date': 'Fri, 11 Sep 2026 14:31:44 GMT', 'content-type': 'text/event-stream; charset=utf-8', 'transfer-encoding': 'chunked', 'connection': 'keep-alive', 'cf-ray': 'a39760b98bd6fb93-AMS', 'cf-cache-status': 'DYNAMIC', 'access-control-allow-origin': '*', 'cache-control': 'no-store, no-cache, must-revalidate', 'server': 'cloudflare', 'via': '1.1 google', 'access-control-allow-headers': '*', 'access-control-allow-methods': 'GET, POST, PUT, DELETE, OPTIONS, HEAD, PATCH', 'access-control-max-age': '300', 'set-cookie': '__cf_bm=_o1mBF7YjZCnma23n_dFmHIMBUzvvqyPL.b9Ll8.QhA-1789137104.890104-1.0.1.1-aEGJ2kGY1QMKm5Z0G1h5lQDDyMXaNAbYhtRVfl4wfeR042cMusKWil1cObcHmu_ve8XnNkkGVFAa5AyFcQZsElYHYPJmr1ranMTpG54VCvQjBTU1EwRwbLd.smR2ylJe; HttpOnly; SameSite=None; Secure; Path=/; Domain=preview.emergentagent.com; Expires=Fri, 11 Sep 2026 15:01:44 GMT', 'x-robots-tag': 'noindex, nofollow'}) = &lt;Response [200 OK]&gt;.headers</failure></testcase><testcase classname="tests.test_travelmate" name="test_chat_stream_multi_turn" time="0.477" /><testcase classname="tests.test_travelmate" name="test_chat_non_stream_backward_compat" time="0.973" /><testcase classname="tests.test_travelmate" name="test_itinerary_exact_5_days" time="6.935" /><testcase classname="tests.test_travelmate" name="test_transport_search[bus]" time="0.156" /><testcase classname="tests.test_travelmate" name="test_transport_search[metro]" time="0.117" /><testcase classname="tests.test_travelmate" name="test_transport_search[train]" time="0.121" /><testcase classname="tests.test_travelmate" name="test_transport_search[flight]" time="0.200" /></testsuite></testsuites>