<?xml version="1.0" encoding="utf-8"?><testsuites name="pytest tests"><testsuite name="pytest" errors="0" failures="0" skipped="0" tests="6" time="40.610" timestamp="2026-09-11T15:02:56.446989+00:00" hostname="agent-env-bd6ba781-5bbd-4a92-97c5-f98636d7184b"><testcase classname="tests.test_nearby" name="test_chat_nearby_infers_category[where should I eat?-restaurant]" time="19.435" /><testcase classname="tests.test_nearby" name="test_chat_nearby_infers_category[good place to eat nearby-restaurant]" time="3.821" /><testcase classname="tests.test_nearby" name="test_chat_nearby_infers_category[eating spots close by-restaurant]" time="4.062" /><testcase classname="tests.test_nearby" name="test_chat_nearby_infers_category[hotels near me-hotel]" time="6.117" /><testcase classname="tests.test_nearby" name="test_chat_nearby_infers_category[coffee shops close by-cafe]" time="4.373" /><testcase classname="tests.test_nearby" name="test_chat_nearby_infers_category[places to see nearby-attraction]" time="2.306" /></testsuite></testsuites>